  CHK     include/linux/version.h
  CHK     include/generated/utsrelease.h
  HOSTCC  scripts/basic/fixdep
  HOSTCC  scripts/basic/docproc
  HOSTCC  scripts/basic/hash
  HOSTCC  scripts/kallsyms
  HOSTCC  scripts/conmakehash
  CC      scripts/mod/empty.o
  HOSTCC  scripts/mod/mk_elfconfig
  MKELF   scripts/mod/elfconfig.h
  HOSTCC  scripts/bin2c
  HOSTCC  scripts/mod/file2alias.o
  HOSTCC  scripts/mod/modpost.o
  HOSTCC  scripts/mod/sumversion.o
  HOSTLD  scripts/mod/modpost
make[1]: `include/generated/mach-types.h' is up to date.
  CC      kernel/bounds.s
  GEN     include/generated/bounds.h
  CC      arch/arm/kernel/asm-offsets.s
  GEN     include/generated/asm-offsets.h
  CALL    scripts/checksyscalls.sh
  CHK     include/generated/compile.h
  CC      init/main.o
  HOSTCC  usr/gen_init_cpio
  UPD     include/generated/compile.h
  CC      init/do_mounts.o
  GEN     usr/initramfs_data.cpio
  AS      usr/initramfs_data.o
  LD      usr/built-in.o
  CC      arch/arm/kernel/compat.o
  CC      arch/arm/kernel/elf.o
  AS      arch/arm/kernel/entry-armv.o
  CC      init/do_mounts_rd.o
  AS      arch/arm/kernel/entry-common.o
  CC      arch/arm/kernel/irq.o
  CC      init/do_mounts_initrd.o
  CC      arch/arm/kernel/process.o
  CC      init/initramfs.o
  CC      arch/arm/mm/dma-mapping.o
  CC      arch/arm/kernel/ptrace.o
  CC      init/calibrate.o
  CC      arch/arm/mm/extable.o
  CC      init/version.o
  CC      arch/arm/mm/fault.o
  CC      arch/arm/kernel/return_address.o
  LD      init/mounts.o
  LD      init/built-in.o
  CC      arch/arm/kernel/setup.o
  CC      arch/arm/common/clkdev.o
  CC      arch/arm/mm/init.o
  LD      arch/arm/common/built-in.o
  CC      arch/arm/mach-bcm215xx/clock-21553.o
  CC      arch/arm/mm/iomap.o
  CC      arch/arm/kernel/signal.o
  CC      arch/arm/mm/fault-armv.o
  CC      arch/arm/mach-bcm215xx/board-cooperve.o
  CC      arch/arm/mm/flush.o
  CC      arch/arm/kernel/sys_arm.o
  CC      arch/arm/mm/ioremap.o
  CC      arch/arm/kernel/stacktrace.o
  CC      arch/arm/mm/mmap.o
  CC      arch/arm/kernel/time.o
  AS      arch/arm/mach-bcm215xx/bcm215xx_sleep.o
  CC      arch/arm/mm/pgd.o
  CC      arch/arm/mach-bcm215xx/bcm215xx_pm.o
  CC      arch/arm/kernel/traps.o
  CC      arch/arm/mm/mmu.o
  CC      arch/arm/mm/vmregion.o
  CC      arch/arm/mach-bcm215xx/osdal_21553_clock.o
  CC      arch/arm/kernel/armksyms.o
  CC      arch/arm/mm/proc-syms.o
  CC      arch/arm/mach-bcm215xx/cpu-bcm21553.o
  CC      arch/arm/kernel/module.o
  CC      arch/arm/mm/alignment.o
  CC      arch/arm/mach-bcm215xx/device.o
  CC      arch/arm/kernel/machine_kexec.o
  CC      arch/arm/mm/highmem.o
  AS      arch/arm/kernel/relocate_kernel.o
  CC      arch/arm/kernel/atags.o
  CC      arch/arm/mach-bcm215xx/mm.o
  AS      arch/arm/mm/abort-ev6.o
  AS      arch/arm/mm/pabort-v6.o
  CC      arch/arm/kernel/sys_oabi-compat.o
  AS      arch/arm/mm/cache-v6.o
  CC      arch/arm/mm/copypage-v6.o
  CC      arch/arm/mach-bcm215xx/lm.o
  CC      arch/arm/mm/context.o
  CC      arch/arm/mach-bcm215xx/cpufreq_bcm21553.o
  CC      arch/arm/kernel/unwind.o
  AS      arch/arm/mm/tlb-v6.o
  CC      arch/arm/mach-bcm215xx/cpuidle_bcm21553.o
  AS      arch/arm/mm/proc-v6.o
  CC      arch/arm/mm/cache-l2x0.o
  CC      arch/arm/kernel/pmu.o
  CC      arch/arm/mach-bcm215xx/sec_debug.o
  LD      arch/arm/mm/built-in.o
  CC      arch/arm/kernel/io.o
  CC      arch/arm/plat-bcmap/timer.o
  AS      arch/arm/kernel/head.o
  CC      arch/arm/kernel/init_task.o
  LD      arch/arm/mach-bcm215xx/built-in.o
  CC      arch/arm/plat-bcmap/irq.o
  CC      arch/arm/plat-bcmap/gpt.o
  CC      arch/arm/plat-bcmap/sysfs.o
  LDS     arch/arm/kernel/vmlinux.lds
  CC      arch/arm/plat-bcmap/gpio.o
  LD      arch/arm/kernel/built-in.o
  CC      arch/arm/vfp/vfpmodule.o
  AS      arch/arm/vfp/entry.o
  CC      arch/arm/plat-bcmap/clock.o
  CC      arch/arm/plat-bcmap/dma_drv.o
  CC      arch/arm/plat-bcmap/osdal_os_service.o
  AS      arch/arm/vfp/vfphw.o
  CC      arch/arm/vfp/vfpsingle.o
  CC      arch/arm/plat-bcmap/chal/chal_dma.o
  CC      arch/arm/plat-bcmap/csl/csl_dma.o
  CC      arch/arm/vfp/vfpdouble.o
  CC      arch/arm/plat-bcmap/chal/chal_lcdc.o
  CC      arch/arm/plat-bcmap/chal/chal_cam.o
  CC      arch/arm/plat-bcmap/csl/csl_lcdc.o
  LD      arch/arm/vfp/vfp.o
  LD      arch/arm/vfp/built-in.o
  CC      kernel/sched.o
  LD      arch/arm/plat-bcmap/chal/built-in.o
  CC      arch/arm/plat-bcmap/pwm_core.o
  CC      arch/arm/plat-bcmap/csl/csl_cam.o
  CC      arch/arm/plat-bcmap/bcm_rfkill.o
  CC      arch/arm/plat-bcmap/csl/csl_sysmap.o
  CC      arch/arm/plat-bcmap/bcm_cpufreq.o
  LD      arch/arm/plat-bcmap/csl/built-in.o
  CC      arch/arm/plat-bcmap/bcm_avs.o
  CC      mm/bootmem.o
  LD      arch/arm/plat-bcmap/built-in.o
  CC      fs/open.o
  CC      mm/filemap.o
  CC      fs/read_write.o
  CC      mm/mempool.o
  CC      fs/file_table.o
  CC      kernel/fork.o
  CC      mm/oom_kill.o
  CC      fs/super.o
  CC      mm/fadvise.o
  CC      mm/maccess.o
  CC      fs/char_dev.o
  CC      mm/page_alloc.o
  CC      kernel/exec_domain.o
  CC      fs/stat.o
  CC      kernel/panic.o
  CC      fs/exec.o
  CC      kernel/printk.o
  CC      mm/page-writeback.o
  CC      kernel/cpu.o
  CC      fs/pipe.o
  CC      kernel/exit.o
  CC      fs/namei.o
  CC      mm/readahead.o
  CC      kernel/itimer.o
  CC      mm/swap.o
  TIMEC   kernel/timeconst.h
  CC      fs/fcntl.o
  CC      mm/truncate.o
  CC      kernel/softirq.o
  CC      mm/vmscan.o
  CC      fs/ioctl.o
  CC      kernel/resource.o
  CC      fs/readdir.o
  CC      mm/shmem.o
  CC      fs/select.o
  CC      kernel/sysctl.o
  CC      fs/fifo.o
  CC      fs/dcache.o
  CC      kernel/sysctl_binary.o
  CC      mm/prio_tree.o
  CC      mm/util.o
  CC      fs/inode.o
  CC      kernel/capability.o
  CC      kernel/ptrace.o
  CC      mm/mmzone.o
  CC      fs/attr.o
  CC      mm/vmstat.o
  CC      fs/bad_inode.o
  CC      kernel/timer.o
  CC      mm/backing-dev.o
  CC      fs/file.o
  CC      fs/filesystems.o
  CC      mm/page_isolation.o
  CC      mm/mm_init.o
  CC      fs/namespace.o
  CC      mm/mmu_context.o
  CC      kernel/user.o
  CC      mm/fremap.o
  CC      kernel/signal.o
  CC      mm/highmem.o
  CC      fs/seq_file.o
  CC      mm/madvise.o
  CC      fs/xattr.o
  CC      mm/memory.o
  CC      kernel/sys.o
  CC      fs/libfs.o
  CC      mm/mincore.o
  CC      fs/fs-writeback.o
  CC      kernel/kmod.o
  CC      mm/mlock.o
  CC      kernel/workqueue.o
  CC      mm/mmap.o
  CC      fs/pnode.o
  CC      fs/drop_caches.o
  CC      kernel/pid.o
  CC      fs/splice.o
  CC      mm/mprotect.o
  CC      kernel/rcupdate.o
  CC      kernel/extable.o
  CC      mm/mremap.o
  CC      kernel/params.o
  CC      fs/sync.o
  CC      kernel/posix-timers.o
  CC      mm/msync.o
  CC      fs/utimes.o
  CC      fs/stack.o
  CC      mm/rmap.o
  CC      fs/fs_struct.o
  CC      kernel/kthread.o
  CC      fs/statfs.o
  CC      kernel/wait.o
  CC      mm/vmalloc.o
  CC      fs/buffer.o
  CC      kernel/kfifo.o
  CC      kernel/sys_ni.o
  CC      kernel/posix-cpu-timers.o
  CC      mm/pagewalk.o
  CC      fs/bio.o
  CC      kernel/mutex.o
  CC      mm/init-mm.o
  CC      mm/bounce.o
  CC      kernel/hrtimer.o
  CC      mm/page_io.o
  CC      fs/block_dev.o
  CC      mm/swap_state.o
  CC      kernel/rwsem.o
  CC      mm/swapfile.o
  CC      kernel/nsproxy.o
  CC      fs/direct-io.o
  CC      kernel/srcu.o
  CC      kernel/semaphore.o
  CC      fs/mpage.o
  CC      kernel/notifier.o
  CC      mm/thrash.o
  CC      kernel/ksysfs.o
  CC      mm/dmapool.o
  CC      kernel/pm_qos_params.o
  CC      fs/ioprio.o
  CC      kernel/sched_clock.o
  CC      kernel/cred.o
  CC      mm/ashmem.o
  CC      fs/configfs/inode.o
  CC      kernel/async.o
  CC      mm/slab.o
  CC      fs/configfs/file.o
  CC      kernel/range.o
  CC      fs/configfs/dir.o
  CC      kernel/groups.o
  CC      kernel/freezer.o
  CC      mm/percpu_up.o
  CC      mm/kmemleak.o
  CC      fs/configfs/symlink.o
  CC      kernel/stacktrace.o
  CC      fs/configfs/mount.o
  CC      kernel/irq/handle.o
  CC      fs/configfs/item.o
  LD      fs/configfs/configfs.o
  LD      fs/configfs/built-in.o
  CC      fs/cramfs/inode.o
  LD      mm/built-in.o
  CC      kernel/irq/manage.o
  CC      ipc/util.o
  CC      fs/cramfs/uncompress.o
  CC      kernel/irq/spurious.o
  LD      fs/cramfs/cramfs.o
  LD      fs/cramfs/built-in.o
  CC      fs/debugfs/inode.o
  CC      ipc/msgutil.o
  CC      kernel/irq/resend.o
  CC      ipc/msg.o
  CC      fs/debugfs/file.o
  CC      kernel/irq/chip.o
  CC      ipc/sem.o
  LD      fs/debugfs/debugfs.o
  LD      fs/debugfs/built-in.o
  CC      kernel/irq/devres.o
  CC      fs/devpts/inode.o
  CC      kernel/irq/autoprobe.o
  LD      fs/devpts/devpts.o
  LD      fs/devpts/built-in.o
  CC      fs/ext2/balloc.o
  CC      kernel/irq/proc.o
  CC      ipc/shm.o
  CC      kernel/irq/pm.o
  CC      fs/ext2/dir.o
  CC      ipc/ipcns_notifier.o
  LD      kernel/irq/built-in.o
  CC      kernel/power/main.o
  CC      ipc/syscall.o
  CC      ipc/ipc_sysctl.o
  CC      fs/ext2/file.o
  CC      kernel/power/console.o
  LD      ipc/built-in.o
  CC      fs/ext2/ialloc.o
  CC      security/keys/gc.o
  CC      kernel/power/process.o
  CC      kernel/power/suspend.o
  CC      security/keys/key.o
  CC      fs/ext2/inode.o
  CC      kernel/power/nvs.o
  CC      security/keys/keyring.o
  CC      kernel/power/wakelock.o
  CC      fs/ext2/ioctl.o
  CC      security/keys/keyctl.o
  CC      fs/ext2/namei.o
  CC      kernel/power/userwakelock.o
  CC      fs/ext2/super.o
  CC      kernel/power/earlysuspend.o
  CC      security/keys/permission.o
  CC      security/keys/process_keys.o
  CC      kernel/power/fbearlysuspend.o
  CC      security/keys/request_key.o
  CC      fs/ext2/symlink.o
  CC      kernel/power/poweroff.o
  CC      fs/ext2/xattr.o
  LD      kernel/power/built-in.o
  CC      kernel/time/timekeeping.o
  CC      security/keys/request_key_auth.o
  CC      fs/ext2/xattr_user.o
  CC      security/keys/user_defined.o
  CC      fs/ext2/xattr_trusted.o
  CC      fs/ext2/acl.o
  CC      kernel/time/ntp.o
  CC      security/keys/proc.o
  CC      security/keys/sysctl.o
  CC      kernel/time/clocksource.o
  LD      fs/ext2/ext2.o
  LD      fs/ext2/built-in.o
  LD      security/keys/built-in.o
  CC      fs/ext3/balloc.o
  CC      security/commoncap.o
  CC      kernel/time/jiffies.o
  CC      kernel/time/timer_list.o
  CC      kernel/time/timecompare.o
  CC      security/min_addr.o
  CC      fs/ext3/bitmap.o
  CC      kernel/time/timeconv.o
  CC      fs/ext3/dir.o
  CC      security/security.o
  CC      kernel/time/clockevents.o
  CC      fs/ext3/file.o
  CC      kernel/time/tick-common.o
  CC      fs/ext3/fsync.o
  CC      kernel/time/tick-oneshot.o
  CC      fs/ext3/ialloc.o
  CC      security/capability.o
  CC      kernel/time/tick-sched.o
  CC      fs/ext3/inode.o
  CC      kernel/time/timer_stats.o
  LD      kernel/time/built-in.o
  CC      kernel/trace/trace_clock.o
  CC      security/inode.o
  CC      kernel/trace/ring_buffer.o
  LD      security/built-in.o
  CC      kernel/futex.o
  CC      fs/ext3/ioctl.o
  CC      fs/ext3/namei.o
  CC      kernel/trace/trace.o
  CC      fs/ext4/balloc.o
  CC      fs/ext3/super.o
  CC      fs/ext4/bitmap.o
  CC      fs/ext4/dir.o
  CC      fs/ext3/symlink.o
  CC      fs/ext3/hash.o
  CC      kernel/trace/trace_output.o
  CC      fs/ext4/file.o
  CC      fs/ext3/resize.o
  CC      fs/ext4/fsync.o
  CC      fs/ext3/ext3_jbd.o
  CC      kernel/trace/trace_stat.o
  CC      fs/ext4/ialloc.o
  CC      fs/ext3/xattr.o
  CC      kernel/trace/trace_printk.o
  CC      kernel/trace/trace_sched_switch.o
  CC      fs/ext3/xattr_user.o
  CC      kernel/trace/trace_nop.o
  CC      fs/ext3/xattr_trusted.o
  CC      kernel/trace/blktrace.o
  CC      fs/ext4/inode.o
  CC      fs/ext3/acl.o
  LD      fs/ext3/ext3.o
  LD      fs/ext3/built-in.o
  CC      fs/ext4/ioctl.o
  CC      kernel/trace/trace_events.o
  CC      kernel/trace/trace_export.o
  CC      kernel/rtmutex.o
  CC      kernel/trace/trace_events_filter.o
  CC      fs/ext4/namei.o
  CC      crypto/api.o
  CC      kernel/trace/power-traces.o
  CC      crypto/cipher.o
  LD      kernel/trace/built-in.o
  CC      kernel/up.o
  CC      crypto/compress.o
  CC      kernel/uid16.o
  CC      fs/ext4/super.o
  CC      crypto/algapi.o
  CC      kernel/module.o
  CC      crypto/scatterwalk.o
  CC      crypto/proc.o
  CC      kernel/kallsyms.o
  CC      crypto/ablkcipher.o
  CC      kernel/kexec.o
  CC      crypto/blkcipher.o
  GZIP    kernel/config_data.gz
  CC      kernel/softlockup.o
  CC      fs/ext4/symlink.o
  CC      crypto/ahash.o
  CC      kernel/hung_task.o
  CC      kernel/rcutree.o
  CC      fs/ext4/hash.o
  CC      crypto/shash.o
  CC      fs/ext4/resize.o
  CC      crypto/algboss.o
  CC      kernel/relay.o
  CC      fs/ext4/extents.o
  CC      crypto/testmgr.o
  CC      kernel/utsname_sysctl.o
  CC      kernel/tracepoint.o
  CC      kernel/latencytop.o
  CC      kernel/elfcore.o
  CC      crypto/crypto_wq.o
  CC      kernel/time.o
  LD      crypto/crypto_algapi.o
  CC      crypto/aead.o
  IKCFG   kernel/config_data.h
  CC      kernel/configs.o
  CC      fs/ext4/ext4_jbd2.o
  LD      kernel/built-in.o
  CC      block/elevator.o
  LD      crypto/crypto_blkcipher.o
  CC      crypto/chainiv.o
  CC      fs/ext4/migrate.o
  CC      crypto/eseqiv.o
  CC      block/blk-core.o
  CC      fs/ext4/mballoc.o
  LD      crypto/crypto_hash.o
  CC      crypto/pcompress.o
  LD      crypto/cryptomgr.o
  CC      crypto/hmac.o
  CC      crypto/crypto_null.o
  CC      block/blk-tag.o
  CC      crypto/md5.o
  CC      block/blk-sysfs.o
  CC      crypto/sha1_generic.o
  CC      crypto/ecb.o
  CC      fs/ext4/block_validity.o
  CC      crypto/cbc.o
  CC      block/blk-barrier.o
  CC      crypto/des_generic.o
  CC      block/blk-settings.o
  CC      fs/ext4/move_extent.o
  CC      crypto/twofish.o
  CC      block/blk-ioc.o
  CC      fs/ext4/xattr.o
  CC      crypto/twofish_common.o
  CC      block/blk-map.o
  CC      crypto/aes_generic.o
  CC      block/blk-exec.o
  CC      fs/ext4/xattr_user.o
  CC      block/blk-merge.o
  CC      fs/ext4/xattr_trusted.o
  CC      block/blk-softirq.o
  CC      crypto/arc4.o
  CC      fs/ext4/acl.o
  CC      crypto/deflate.o
  CC      block/blk-timeout.o
  CC      crypto/zlib.o
  LD      fs/ext4/ext4.o
  LD      fs/ext4/built-in.o
  CC      fs/fat/cache.o
  CC      block/blk-iopoll.o
  CC      crypto/michael_mic.o
  CC      block/blk-lib.o
  CC      fs/fat/dir.o
  CC      crypto/crc32c.o
  CC      crypto/authenc.o
  CC      block/ioctl.o
  CC      fs/fat/fatent.o
  CC      block/genhd.o
  CC      crypto/rng.o
  CC      crypto/krng.o
  CC      fs/fat/file.o
  LD      crypto/crypto.o
  LD      crypto/built-in.o
  LD      drivers/auxdisplay/built-in.o
  CC      drivers/base/core.o
  CC      block/scsi_ioctl.o
  CC      fs/fat/inode.o
  CC      block/noop-iosched.o
  CC      drivers/base/sys.o
  CC      fs/fat/misc.o
  CC      block/deadline-iosched.o
  CC      fs/fat/namei_msdos.o
  CC      drivers/base/bus.o
  CC      block/cfq-iosched.o
  CC      fs/fat/namei_vfat.o
  CC      drivers/base/dd.o
  LD      fs/fat/fat.o
  CC      drivers/base/driver.o
  LD      fs/fat/vfat.o
  LD      fs/fat/msdos.o
  LD      fs/fat/built-in.o
  CC      fs/jbd/transaction.o
  CC      drivers/base/class.o
  CC      drivers/base/platform.o
  CC      drivers/base/cpu.o
  LD      block/built-in.o
  CC      drivers/base/firmware.o
  CC      sound/sound_core.o
  CC      drivers/base/init.o
  CC      fs/jbd/commit.o
  CC      drivers/base/map.o
  LD      sound/arm/built-in.o
  LD      sound/atmel/built-in.o
  CC      sound/core/memalloc.o
  CC      drivers/base/devres.o
  CC      drivers/base/attribute_container.o
  CC      fs/jbd/recovery.o
  CC      sound/core/pcm.o
  CC      drivers/base/transport_class.o
  CC      fs/jbd/checkpoint.o
  CC      drivers/base/power/sysfs.o
  CC      drivers/base/power/main.o
  CC      sound/core/pcm_native.o
  CC      fs/jbd/revoke.o
  CC      drivers/base/power/generic_ops.o
  CC      fs/jbd/journal.o
  LD      drivers/base/power/built-in.o
  CC      drivers/base/dma-mapping.o
  CC      drivers/base/dma-coherent.o
  CC      drivers/base/firmware_class.o
  LD      fs/jbd/jbd.o
  CC      drivers/base/module.o
  LD      fs/jbd/built-in.o
  CC      fs/jbd2/transaction.o
  CC      sound/core/pcm_lib.o
  LD      drivers/base/built-in.o
  CC      drivers/block/brd.o
  CC      drivers/block/loop.o
  CC      fs/jbd2/commit.o
  CC      sound/core/pcm_timer.o
  CC      sound/core/pcm_misc.o
  CC      fs/jbd2/recovery.o
  CC      sound/core/pcm_memory.o
  LD      drivers/block/built-in.o
  LD      drivers/cdrom/built-in.o
  CC      drivers/char/mem.o
  CC      fs/jbd2/checkpoint.o
  CC      sound/core/timer.o
  CC      drivers/char/random.o
  CC      fs/jbd2/revoke.o
  CC      drivers/char/tty_io.o
  CC      fs/jbd2/journal.o
  CC      sound/core/sound.o
  CC      sound/core/init.o
  CC      drivers/char/n_tty.o
  LD      fs/jbd2/jbd2.o
  LD      fs/jbd2/built-in.o
  CC      fs/jffs2/compr.o
  CC      sound/core/memory.o
  CC      fs/jffs2/dir.o
  CC      sound/core/info.o
  CC      drivers/char/tty_ioctl.o
  CC      sound/core/control.o
  CC      fs/jffs2/file.o
  CC      drivers/char/tty_ldisc.o
  CC      fs/jffs2/ioctl.o
  CC      fs/jffs2/nodelist.o
  CC      sound/core/misc.o
  CC      sound/core/device.o
  CC      drivers/char/tty_buffer.o
  CC      fs/jffs2/malloc.o
  CC      sound/core/jack.o
  CC      drivers/char/tty_port.o
  CC      fs/jffs2/read.o
  LD      sound/core/snd.o
  LD      sound/core/snd-timer.o
  LD      sound/core/snd-pcm.o
  CC      fs/jffs2/nodemgmt.o
  LD      sound/core/snd-page-alloc.o
  LD      sound/core/built-in.o
  LD      sound/drivers/mpu401/built-in.o
  LD      sound/drivers/opl3/built-in.o
  LD      sound/drivers/opl4/built-in.o
  CC      drivers/char/pty.o
  LD      sound/drivers/pcsp/built-in.o
  LD      sound/drivers/vx/built-in.o
  LD      sound/drivers/built-in.o
  LD      sound/i2c/other/built-in.o
  LD      sound/i2c/built-in.o
  LD      sound/isa/ad1816a/built-in.o
  LD      sound/isa/ad1848/built-in.o
  LD      sound/isa/cs423x/built-in.o
  LD      sound/isa/es1688/built-in.o
  LD      sound/isa/gus/built-in.o
  LD      sound/isa/msnd/built-in.o
  CC      fs/jffs2/readinode.o
  LD      sound/isa/opti9xx/built-in.o
  LD      sound/isa/sb/built-in.o
  LD      sound/isa/wavefront/built-in.o
  LD      sound/isa/wss/built-in.o
  LD      sound/isa/built-in.o
  LD      sound/mips/built-in.o
  LD      sound/parisc/built-in.o
  LD      sound/pci/ac97/built-in.o
  CC      drivers/char/misc.o
  LD      sound/pci/ali5451/built-in.o
  LD      sound/pci/asihpi/built-in.o
  LD      sound/pci/au88x0/built-in.o
  LD      sound/pci/aw2/built-in.o
  LD      sound/pci/ca0106/built-in.o
  LD      sound/pci/cs46xx/built-in.o
  LD      sound/pci/cs5535audio/built-in.o
  LD      sound/pci/ctxfi/built-in.o
  LD      sound/pci/echoaudio/built-in.o
  LD      sound/pci/emu10k1/built-in.o
  LD      sound/pci/hda/built-in.o
  LD      sound/pci/ice1712/built-in.o
  LD      sound/pci/korg1212/built-in.o
  LD      sound/pci/lx6464es/built-in.o
  LD      sound/pci/mixart/built-in.o
  LD      sound/pci/nm256/built-in.o
  LD      sound/pci/oxygen/built-in.o
  CC      drivers/char/vt_ioctl.o
  LD      sound/pci/pcxhr/built-in.o
  LD      sound/pci/riptide/built-in.o
  LD      sound/pci/rme9652/built-in.o
  LD      sound/pci/trident/built-in.o
  LD      sound/pci/vx222/built-in.o
  LD      sound/pci/ymfpci/built-in.o
  LD      sound/pci/built-in.o
  LD      sound/pcmcia/pdaudiocf/built-in.o
  CC      fs/jffs2/write.o
  LD      sound/pcmcia/vx/built-in.o
  LD      sound/pcmcia/built-in.o
  LD      sound/ppc/built-in.o
  LD      sound/sh/built-in.o
  CC      sound/soc/soc-core.o
  CC      fs/jffs2/scan.o
  CC      drivers/char/vc_screen.o
  CC      drivers/char/selection.o
  CC      fs/jffs2/gc.o
  CC      sound/soc/soc-dapm.o
  CC      drivers/char/keyboard.o
  CC      fs/jffs2/symlink.o
  CC      fs/jffs2/build.o
  CC      sound/soc/soc-jack.o
  CC      drivers/char/consolemap.o
  CC      sound/soc/soc-cache.o
  CC      fs/jffs2/erase.o
  CC      sound/soc/soc-utils.o
  CONMK   drivers/char/consolemap_deftbl.c
  CC      drivers/char/vt.o
  CC      fs/jffs2/background.o
  LD      sound/soc/atmel/built-in.o
  LD      sound/soc/au1x/built-in.o
  LD      sound/soc/blackfin/built-in.o
  LD      sound/soc/codecs/built-in.o
  LD      sound/soc/davinci/built-in.o
  LD      sound/soc/fsl/built-in.o
  LD      sound/soc/imx/built-in.o
  LD      sound/soc/omap/built-in.o
  LD      sound/soc/pxa/built-in.o
  LD      sound/soc/s3c24xx/built-in.o
  LD      sound/soc/s6000/built-in.o
  LD      sound/soc/sh/built-in.o
  LD      sound/soc/txx9/built-in.o
  LD      sound/soc/snd-soc-core.o
  LD      sound/soc/built-in.o
  LD      sound/sparc/built-in.o
  LD      sound/spi/built-in.o
  LD      sound/synth/built-in.o
  LD      sound/usb/caiaq/built-in.o
  LD      sound/usb/misc/built-in.o
  LD      sound/usb/usx2y/built-in.o
  LD      sound/usb/built-in.o
  CC      sound/last.o
  CC      fs/jffs2/fs.o
  LD      sound/soundcore.o
  LD      sound/built-in.o
  LD      firmware/built-in.o
  LD      drivers/clocksource/built-in.o
  CC      drivers/connector/cn_queue.o
  CC      fs/jffs2/writev.o
  CC      drivers/connector/connector.o
  CC      fs/jffs2/super.o
  CC      drivers/connector/cn_proc.o
  SHIPPED drivers/char/defkeymap.c
  CC      drivers/char/sysrq.o
  CC      fs/jffs2/debug.o
  LD      drivers/connector/cn.o
  LD      drivers/connector/built-in.o
  CC      fs/jffs2/wbuf.o
  CC      drivers/cpufreq/cpufreq.o
  CC      drivers/char/bcom_vibrator.o
  CC      drivers/char/broadcom/cacheops.o
  CC      drivers/cpufreq/cpufreq_stats.o
  CC      drivers/char/broadcom/bcm_auxadc.o
  CC      fs/jffs2/xattr.o
  CC      drivers/cpufreq/cpufreq_performance.o
  CC      drivers/cpufreq/cpufreq_powersave.o
  CC      drivers/char/broadcom/bcm_i2sdai.o
  CC      drivers/cpufreq/cpufreq_userspace.o
  CC      drivers/cpufreq/cpufreq_ondemand.o
  CC      fs/jffs2/xattr_trusted.o
  CC      drivers/char/broadcom/i2s_drv_osdal.o
  CC      fs/jffs2/xattr_user.o
  CC      drivers/cpufreq/cpufreq_conservative.o
  CC      fs/jffs2/security.o
  CC      drivers/char/broadcom/bcm_otp.o
  CC      drivers/cpufreq/freq_table.o
  CC      fs/jffs2/acl.o
  LD      drivers/cpufreq/built-in.o
  CC      drivers/cpuidle/cpuidle.o
  LD      drivers/char/broadcom/built-in.o
  LD      drivers/char/tpm/built-in.o
  CC      drivers/char/consolemap_deftbl.o
  CC      drivers/char/defkeymap.o
  LD      drivers/char/built-in.o
  LD      drivers/crypto/built-in.o
  LD      drivers/firmware/built-in.o
  CC      drivers/gpio/gpiolib.o
  CC      fs/jffs2/compr_rtime.o
  CC      drivers/cpuidle/driver.o
  CC      fs/jffs2/compr_zlib.o
  CC      drivers/cpuidle/governor.o
  LD      fs/jffs2/jffs2.o
  CC      drivers/cpuidle/sysfs.o
  LD      fs/jffs2/built-in.o
  CC      fs/nls/nls_base.o
  LD      drivers/gpio/built-in.o
  LD      drivers/gpu/drm/i2c/built-in.o
  LD      drivers/gpu/drm/built-in.o
  LD      drivers/gpu/vga/built-in.o
  CC      drivers/cpuidle/governors/ladder.o
  LD      drivers/gpu/built-in.o
  CC      drivers/haptic/haptic-class.o
  CC      fs/nls/nls_cp437.o
  CC      drivers/cpuidle/governors/menu.o
  CC      fs/nls/nls_iso8859-1.o
  CC      drivers/haptic/haptic-samsung-pwm.o
  LD      fs/nls/built-in.o
  CC      fs/notify/fsnotify.o
  LD      drivers/cpuidle/governors/built-in.o
  LD      drivers/cpuidle/built-in.o
  CC      fs/partitions/check.o
  LD      drivers/haptic/built-in.o
  CC      fs/notify/notification.o
  CC      drivers/i2c/i2c-boardinfo.o
  CC      fs/notify/group.o
  CC      drivers/i2c/i2c-core.o
  CC      fs/notify/inode_mark.o
  CC      fs/partitions/msdos.o
  CC      fs/notify/dnotify/dnotify.o
  LD      fs/partitions/built-in.o
  CC      fs/proc/mmu.o
  CC      drivers/i2c/i2c-dev.o
  CC      fs/proc/task_mmu.o
  LD      fs/notify/dnotify/built-in.o
  CC      fs/notify/inotify/inotify.o
  CC      drivers/i2c/algos/i2c-algo-bit.o
  CC      fs/proc/inode.o
  CC      fs/notify/inotify/inotify_fsnotify.o
  LD      drivers/i2c/algos/built-in.o
  CC      drivers/i2c/busses/i2c-bcm1161.o
  CC      fs/notify/inotify/inotify_user.o
  CC      fs/proc/root.o
  CC      fs/proc/base.o
  LD      fs/notify/inotify/built-in.o
  LD      fs/notify/built-in.o
  LD      fs/quota/built-in.o
  CC      fs/ramfs/inode.o
  CC      drivers/i2c/busses/i2c-gpio.o
  CC      fs/ramfs/file-mmu.o
  LD      drivers/i2c/busses/built-in.o
  LD      drivers/i2c/built-in.o
  LD      drivers/idle/built-in.o
  LD      drivers/ieee1394/built-in.o
  LD      fs/ramfs/ramfs.o
  LD      fs/ramfs/built-in.o
  LD      drivers/ieee802154/built-in.o
  CC      fs/sysfs/inode.o
  CC      drivers/input/input.o
  CC      fs/proc/generic.o
  CC      fs/sysfs/file.o
  CC      fs/proc/array.o
  CC      fs/sysfs/dir.o
  CC      drivers/input/input-compat.o
  CC      fs/proc/proc_tty.o
  CC      fs/proc/cmdline.o
  CC      drivers/input/ff-core.o
  CC      fs/sysfs/symlink.o
  CC      fs/proc/cpuinfo.o
  CC      fs/proc/devices.o
  CC      fs/sysfs/mount.o
  CC      drivers/input/evdev.o
  CC      fs/proc/interrupts.o
  CC      fs/sysfs/bin.o
  CC      fs/proc/loadavg.o
  CC      fs/proc/meminfo.o
  CC      fs/sysfs/group.o
  CC      drivers/input/keyboard/bcm_keypad.o
  CC      fs/proc/stat.o
  LD      fs/sysfs/built-in.o
  CC      drivers/input/misc/uinput.o
  CC      fs/proc/uptime.o
  LD      drivers/input/keyboard/built-in.o
  CC      ../modules/../modules/drivers/char/brcm/camacq/camacq_core.o
  CC      fs/proc/version.o
  CC      drivers/input/misc/ponkey-max8986.o
  CC      fs/proc/softirqs.o
  CC      ../modules/../modules/drivers/char/brcm/camacq/camacq_api.o
  CC      fs/proc/proc_sysctl.o
  LD      drivers/input/misc/built-in.o
  CC      drivers/input/touchscreen/synaptics_i2c_rmi_tma340_cooperve.o
  CC      fs/proc/proc_net.o
  CC      fs/proc/kmsg.o
  CC      fs/proc/page.o
  CC      drivers/input/touchscreen/melfas_ts_mms128_tasscooper.o
  CC      ../modules/../modules/drivers/char/brcm/camacq/camacq_ext.o
  LD      fs/proc/proc.o
  LD      fs/proc/built-in.o
  CC      fs/yaffs2/yaffs_ecc.o
  CC      drivers/input/touchscreen/mcs8000_download_rev04.o
  LD      ../modules/../modules/drivers/char/brcm/camacq/camacq.o
  LD      ../modules/../modules/drivers/char/brcm/camacq/built-in.o
  CC      ../modules/../modules/drivers/char/brcm/fuse_at/atc_kernel.o
  CC      fs/yaffs2/yaffs_vfs_glue.o
  CC      drivers/input/touchscreen/mms100_ISC_download.o
  LD      ../modules/../modules/drivers/char/brcm/fuse_at/built-in.o
  CC      ../modules/../modules/drivers/char/brcm/fuse_ipc/lnx_support.o
  CC      ../modules/../modules/drivers/char/brcm/fuse_ipc/ipc_server_ccb.o
  LD      drivers/input/touchscreen/built-in.o
  CC      drivers/input/keyreset.o
  CC      ../modules/../modules/drivers/char/brcm/fuse_ipc/ipc_server.o
  CC      fs/yaffs2/yaffs_guts.o
  LD      drivers/input/input-core.o
  LD      drivers/input/built-in.o
  LD      drivers/input/gameport/built-in.o
  CC      drivers/input/serio/serio.o
  CC      ../modules/../modules/drivers/char/brcm/fuse_ipc/ipc_stubs.o
  CC      ../modules/../modules/drivers/char/brcm/fuse_ipc/ipc_crashsupport.o
  LD      drivers/input/serio/built-in.o
  LD      drivers/lguest/built-in.o
  LD      drivers/macintosh/built-in.o
  CC      drivers/md/dm-uevent.o
  CC      ../modules/../modules/drivers/char/brcm/fuse_ipc/ipc_CIB/src/ipc_buffer.o
  CC      ../modules/../modules/drivers/char/brcm/fuse_ipc/ipc_CIB/src/ipc_bufferpool.o
  CC      drivers/md/dm.o
  CC      ../modules/../modules/drivers/char/brcm/fuse_ipc/ipc_CIB/src/ipc_powersaving.o
  CC      ../modules/../modules/drivers/char/brcm/fuse_ipc/ipc_CIB/src/ipc_queues.o
  CC      ../modules/../modules/drivers/char/brcm/fuse_ipc/ipc_CIB/src/ipc_sharedmemory.o
  CC      fs/yaffs2/yaffs_checkptrw.o
  CC      ../modules/../modules/drivers/char/brcm/fuse_ipc/ipc_CIB/src/ipc_trace.o
  LD      ../modules/../modules/drivers/char/brcm/fuse_ipc/ipc_CIB/built-in.o
  LD      ../modules/../modules/drivers/char/brcm/fuse_ipc/built-in.o
  CC      ../modules/../modules/drivers/char/brcm/fuse_log/bcmlog.o
  CC      fs/yaffs2/yaffs_packedtags1.o
  CC      drivers/md/dm-table.o
  CC      fs/yaffs2/yaffs_packedtags2.o
  CC      fs/yaffs2/yaffs_nand.o
  CC      ../modules/../modules/drivers/char/brcm/fuse_log/bcmmtt.o
  CC      ../modules/../modules/drivers/char/brcm/fuse_log/fifo.o
  CC      ../modules/../modules/drivers/char/brcm/fuse_log/output.o
  CC      drivers/md/dm-target.o
  CC      fs/yaffs2/yaffs_tagscompat.o
  CC      ../modules/../modules/drivers/char/brcm/fuse_log/config.o
  CC      drivers/md/dm-linear.o
  LD      ../modules/../modules/drivers/char/brcm/fuse_log/built-in.o
  CC      ../modules/../modules/drivers/char/brcm/fuse_net/bcm_fuse_net.o
  CC      fs/yaffs2/yaffs_tagsvalidity.o
  CC      drivers/md/dm-stripe.o
  CC      fs/yaffs2/yaffs_mtdif.o
  CC      drivers/md/dm-ioctl.o
  CC      fs/yaffs2/yaffs_mtdif1.o
  LD      ../modules/../modules/drivers/char/brcm/fuse_net/built-in.o
  CC      ../modules/../modules/drivers/char/brcm/fuse_pdp/bcm_kpdp_main.o
  CC      fs/yaffs2/yaffs_mtdif2.o
  CC      drivers/md/dm-io.o
  CC      fs/yaffs2/yaffs_nameval.o
  CC      ../modules/../modules/drivers/char/brcm/fuse_pdp/bcm_kpdp_ioctl.o
  CC      drivers/md/dm-kcopyd.o
  CC      fs/yaffs2/yaffs_allocator.o
  CC      ../modules/../modules/drivers/char/brcm/fuse_pdp/bcm_kpdp_cmd_handler.o
  CC      fs/yaffs2/yaffs_yaffs1.o
  CC      drivers/md/dm-sysfs.o
  CC      fs/yaffs2/yaffs_yaffs2.o
  CC      drivers/md/dm-crypt.o
  CC      ../modules/../modules/drivers/char/brcm/fuse_pdp/bcm_kpdp_capi2_handler.o
  CC      fs/yaffs2/yaffs_bitmap.o
  CC      ../modules/../modules/drivers/char/brcm/fuse_pdp/bcm_kpdp_notify_handler.o
  CC      fs/yaffs2/yaffs_verify.o
  LD      drivers/md/dm-mod.o
  LD      drivers/md/built-in.o
  LD      drivers/media/IR/keymaps/built-in.o
  LD      drivers/media/IR/built-in.o
  LD      drivers/media/common/tuners/built-in.o
  LD      drivers/media/common/built-in.o
  LD      drivers/media/video/built-in.o
  LD      drivers/media/built-in.o
  CC      drivers/mfd/mfd-core.o
  CC      ../modules/../modules/drivers/char/brcm/fuse_pdp/bcm_pdp_handler.o
  CC      drivers/mfd/max8986-core.o
  LD      fs/yaffs2/yaffs.o
  LD      fs/yaffs2/built-in.o
  CC      fs/eventpoll.o
  LD      drivers/mfd/built-in.o
  CC      drivers/misc/pmem.o
  LD      ../modules/../modules/drivers/char/brcm/fuse_pdp/built-in.o
  CC      ../modules/../modules/drivers/char/brcm/fuse_ril/bcm_kril_main.o
  CC      fs/anon_inodes.o
  LD      drivers/misc/cb710/built-in.o
  LD      drivers/misc/eeprom/built-in.o
  CC      drivers/misc/apanic.o
  CC      fs/aio.o
  CC      ../modules/../modules/drivers/char/brcm/fuse_ril/bcm_kril_ioctl.o
  CC      ../modules/../modules/drivers/char/brcm/fuse_ril/bcm_kril_cmd_handler.o
  CC      drivers/misc/bcm_reset_utils.o
  CC      drivers/misc/taos.o
  CC      drivers/misc/yas_mag_kernel_driver.o
  CC      fs/locks.o
  CC      ../modules/../modules/drivers/char/brcm/fuse_ril/bcm_kril_capi2_handler.o
  CC      ../modules/../modules/drivers/char/brcm/fuse_ril/bcm_kril_notify_handler.o
  CC      fs/binfmt_script.o
  CC      fs/binfmt_elf.o
  CC      drivers/misc/yas_acc_kernel_driver.o
  CC      ../modules/../modules/drivers/char/brcm/fuse_ril/bcm_kril_callctrl_handler.o
  CC      fs/mbcache.o
  CC      drivers/misc/yas_ori_kernel_driver.o
  CC      fs/posix_acl.o
  CC      drivers/misc/max8986-audio.o
  CC      fs/xattr_acl.o
  LD      fs/built-in.o
  CC      drivers/misc/max8986-muic.o
  CC      ../modules/../modules/drivers/char/brcm/fuse_ril/bcm_kril_suppsvc_handler.o
  CC      net/socket.o
  LD      drivers/misc/built-in.o
  CC      drivers/mmc/card/block.o
  CC      ../modules/../modules/drivers/char/brcm/fuse_ril/bcm_kril_msg_handler.o
  CC      drivers/mmc/card/queue.o
  LD      net/802/built-in.o
  CC      net/core/sock.o
  LD      drivers/mmc/card/mmc_block.o
  LD      drivers/mmc/card/built-in.o
  CC      drivers/mmc/core/core.o
  CC      ../modules/../modules/drivers/char/brcm/fuse_ril/bcm_kril_network_handler.o
  CC      drivers/mmc/core/bus.o
  CC      net/core/request_sock.o
  CC      ../modules/../modules/drivers/char/brcm/fuse_ril/bcm_kril_misc_handler.o
  CC      drivers/mmc/core/host.o
  CC      net/core/skbuff.o
  CC      drivers/mmc/core/mmc.o
  CC      ../modules/../modules/drivers/char/brcm/fuse_ril/bcm_kril_sim_handler.o
  CC      drivers/mmc/core/mmc_ops.o
  CC      drivers/mmc/core/sd.o
  CC      drivers/mmc/core/sd_ops.o
  CC      ../modules/../modules/drivers/char/brcm/fuse_ril/bcm_kril_stk_handler.o
  CC      net/core/iovec.o
  CC      drivers/mmc/core/sdio.o
  CC      net/core/datagram.o
  CC      drivers/mmc/core/sdio_ops.o
  CC      ../modules/../modules/drivers/char/brcm/fuse_ril/bcm_kril_pdp_handler.o
  CC      drivers/mmc/core/sdio_bus.o
  CC      net/core/stream.o
  CC      drivers/mmc/core/sdio_cis.o
  CC      ../modules/../modules/drivers/char/brcm/fuse_ril/bcm_kril_simlockfun.o
  CC      drivers/mmc/core/sdio_io.o
  CC      net/core/scm.o
  CC      ../modules/../modules/drivers/char/brcm/fuse_ril/bcm_kril_sysrpc_handler.o
  CC      drivers/mmc/core/sdio_irq.o
  CC      net/core/gen_stats.o
  CC      drivers/mmc/core/debugfs.o
  CC      ../modules/../modules/drivers/char/brcm/fuse_ril/bcm_cp_cmd_handler.o
  CC      net/core/gen_estimator.o
  LD      drivers/mmc/core/mmc_core.o
  LD      drivers/mmc/core/built-in.o
  CC      drivers/mmc/host/bcmsdhc.o
  CC      ../modules/../modules/drivers/char/brcm/fuse_ril/bcm_kril_agps_handler.o
  CC      net/core/net_namespace.o
  CC      net/core/sysctl_net_core.o
  CC      ../modules/../modules/drivers/char/brcm/fuse_ril/bcm_kril_adcrpc_handler.o
  LD      drivers/mmc/host/built-in.o
  LD      drivers/mmc/built-in.o
  CC      drivers/mtd/mtdcore.o
  CC      net/core/dev.o
  CC      ../modules/../modules/drivers/char/brcm/fuse_ril/k_sril_svcmode_handler.o
  CC      drivers/mtd/mtdsuper.o
  CC      drivers/mtd/mtdpart.o
  CC      ../modules/../modules/drivers/char/brcm/fuse_ril/k_sril_personalization_handler.o
  CC      drivers/mtd/cmdlinepart.o
  CC      ../modules/../modules/drivers/char/brcm/fuse_ril/k_sril_gprs_handler.o
  CC      drivers/mtd/mtdchar.o
  CC      ../modules/../modules/drivers/char/brcm/fuse_ril/k_sril_imei_handler.o
  CC      drivers/mtd/mtd_blkdevs.o
  CC      net/core/ethtool.o
  CC      ../modules/../modules/drivers/char/brcm/fuse_ril/CAPI2_CIB/capi2/cc/capi2_cc_api.o
  CC      drivers/mtd/mtdblock.o
  CC      ../modules/../modules/drivers/char/brcm/fuse_ril/CAPI2_CIB/capi2/cc/capi2_cc_msg.o
  CC      drivers/mtd/chips/chipreg.o
  LD      drivers/mtd/chips/built-in.o
  LD      drivers/mtd/devices/built-in.o
  LD      drivers/mtd/lpddr/built-in.o
  LD      drivers/mtd/maps/built-in.o
  CC      drivers/mtd/nand/nand_base.o
  CC      net/core/dev_addr_lists.o
  LD      ../modules/../modules/drivers/char/brcm/fuse_ril/CAPI2_CIB/capi2/cc/built-in.o
  CC      ../modules/../modules/drivers/char/brcm/fuse_ril/CAPI2_CIB/capi2/gen/capi2_gen_api.o
  CC      net/core/dst.o
  CC      drivers/mtd/nand/nand_bbt.o
  CC      net/core/netevent.o
  CC      net/core/neighbour.o
  CC      drivers/mtd/nand/nand_ecc.o
  CC      drivers/mtd/nand/nand_ids.o
  AS      drivers/mtd/nand/nand_burst_read.o
  CC      drivers/mtd/nand/nand_brcm_nvsram.o
  CC      drivers/mtd/nand/nand_correct_data512.o
  CC      net/core/rtnetlink.o
  CC      drivers/mtd/nand/nand_calculate_ecc512.o
  LD      drivers/mtd/nand/nand.o
  LD      drivers/mtd/nand/built-in.o
  CC      drivers/mtd/onenand/onenand_base.o
  CC      ../modules/../modules/drivers/char/brcm/fuse_ril/CAPI2_CIB/capi2/gen/capi2_gen_api_old.o
  CC      net/core/utils.o
  CC      net/core/link_watch.o
  CC      drivers/mtd/onenand/onenand_bbt.o
  CC      net/core/filter.o
  CC      ../modules/../modules/drivers/char/brcm/fuse_ril/CAPI2_CIB/capi2/gen/capi2_gen_apps_switch.o
  CC      drivers/mtd/onenand/bcm_xboard.o
  CC      net/core/flow.o
  LD      drivers/mtd/onenand/onenand.o
  LD      drivers/mtd/onenand/built-in.o
  LD      drivers/mtd/tests/built-in.o
  LD      drivers/mtd/mtd.o
  LD      drivers/mtd/built-in.o
  CC      drivers/net/mii.o
  CC      ../modules/../modules/drivers/char/brcm/fuse_ril/CAPI2_CIB/capi2/gen/capi2_gen_msg.o
  CC      net/core/net-sysfs.o
  CC      drivers/net/Space.o
  CC      net/core/netpoll.o
  CC      drivers/net/loopback.o
  CC      drivers/net/ppp_generic.o
  CC      net/core/fib_rules.o
  CC      net/core/net-traces.o
  LD      net/core/built-in.o
  CC      net/ethernet/eth.o
  CC      drivers/net/ppp_async.o
  LD      net/ethernet/built-in.o
  LD      net/ieee802154/built-in.o
  CC      net/ipv4/route.o
  CC      ../modules/../modules/drivers/char/brcm/fuse_ril/CAPI2_CIB/capi2/gen/capi2_gen_switch.o
  CC      drivers/net/ppp_synctty.o
  CC      drivers/net/ppp_deflate.o
  CC      drivers/net/bsd_comp.o
  CC      drivers/net/ppp_mppe.o
  CC      ../modules/../modules/drivers/char/brcm/fuse_ril/CAPI2_CIB/capi2/gen/capi2_gen_ind.o
  CC      net/ipv4/inetpeer.o
  LD      ../modules/../modules/drivers/char/brcm/fuse_ril/CAPI2_CIB/capi2/gen/built-in.o
  CC      drivers/net/pppox.o
  CC      ../modules/../modules/drivers/char/brcm/fuse_ril/CAPI2_CIB/capi2/lcs/capi2_lcs_api.o
  CC      ../modules/../modules/drivers/char/brcm/fuse_ril/CAPI2_CIB/capi2/lcs/capi2_lcs_cplane_api.o
  CC      net/ipv4/protocol.o
  CC      ../modules/../modules/drivers/char/brcm/fuse_ril/CAPI2_CIB/capi2/lcs/capi2_lcs_cplane_msg.o
  CC      ../modules/../modules/drivers/char/brcm/fuse_ril/CAPI2_CIB/capi2/lcs/capi2_lcs_msg.o
  CC      drivers/net/pppoe.o
  CC      net/ipv4/ip_input.o
  LD      ../modules/../modules/drivers/char/brcm/fuse_ril/CAPI2_CIB/capi2/lcs/built-in.o
  CC      ../modules/../modules/drivers/char/brcm/fuse_ril/CAPI2_CIB/capi2/msc/capi2_app.o
  CC      ../modules/../modules/drivers/char/brcm/fuse_ril/CAPI2_CIB/capi2/msc/capi2_dispatch.o
  CC      net/ipv4/ip_fragment.o
  CC      drivers/net/pppolac.o
  CC      ../modules/../modules/drivers/char/brcm/fuse_ril/CAPI2_CIB/capi2/msc/capi2_phonectrl_api.o
  CC      ../modules/../modules/drivers/char/brcm/fuse_ril/CAPI2_CIB/capi2/msc/capi2_phonectrl_msg.o
  CC      net/ipv4/ip_forward.o
  CC      drivers/net/pppopns.o
  CC      drivers/net/slhc.o
  CC      net/ipv4/ip_options.o
  CC      drivers/net/tun.o
  CC      net/ipv4/ip_output.o
  CC      ../modules/../modules/drivers/char/brcm/fuse_ril/CAPI2_CIB/capi2/msc/capi2_reqrep.o
  CC      ../modules/../modules/drivers/char/brcm/fuse_ril/CAPI2_CIB/capi2/msc/capi2_sys_common.o
  LD      drivers/net/arm/built-in.o
  LD      drivers/net/wireless/4330/built-in.o
  CC      drivers/net/wireless/hostap/hostap_80211_rx.o
  LD      ../modules/../modules/drivers/char/brcm/fuse_ril/CAPI2_CIB/capi2/msc/built-in.o
  CC      ../modules/../modules/drivers/char/brcm/fuse_ril/CAPI2_CIB/capi2/pch/capi2_pch_api.o
  CC      net/ipv4/ip_sockglue.o
  CC      ../modules/../modules/drivers/char/brcm/fuse_ril/CAPI2_CIB/capi2/pch/capi2_pch_msg.o
  LD      ../modules/../modules/drivers/char/brcm/fuse_ril/CAPI2_CIB/capi2/pch/built-in.o
  CC      ../modules/../modules/drivers/char/brcm/fuse_ril/CAPI2_CIB/capi2/phonebk/capi2_phonebk_api.o
  CC      ../modules/../modules/drivers/char/brcm/fuse_ril/CAPI2_CIB/capi2/phonebk/capi2_phonebk_msg.o
  CC      drivers/net/wireless/hostap/hostap_80211_tx.o
  LD      ../modules/../modules/drivers/char/brcm/fuse_ril/CAPI2_CIB/capi2/phonebk/built-in.o
  CC      ../modules/../modules/drivers/char/brcm/fuse_ril/CAPI2_CIB/capi2/sim/capi2_isim_api.o
  CC      ../modules/../modules/drivers/char/brcm/fuse_ril/CAPI2_CIB/capi2/sim/capi2_isim_msg.o
  CC      net/ipv4/inet_hashtables.o
  CC      ../modules/../modules/drivers/char/brcm/fuse_ril/CAPI2_CIB/capi2/sim/capi2_sim_api.o
  CC      ../modules/../modules/drivers/char/brcm/fuse_ril/CAPI2_CIB/capi2/sim/capi2_sim_msg.o
  CC      drivers/net/wireless/hostap/hostap_ap.o
  CC      net/ipv4/inet_timewait_sock.o
  CC      ../modules/../modules/drivers/char/brcm/fuse_ril/CAPI2_CIB/capi2/sim/capi2_stk_api.o
  CC      ../modules/../modules/drivers/char/brcm/fuse_ril/CAPI2_CIB/capi2/sim/capi2_stk_msg.o
  CC      net/ipv4/inet_connection_sock.o
  LD      ../modules/../modules/drivers/char/brcm/fuse_ril/CAPI2_CIB/capi2/sim/built-in.o
  CC      ../modules/../modules/drivers/char/brcm/fuse_ril/CAPI2_CIB/capi2/sms/capi2_sms_api.o
  CC      drivers/net/wireless/hostap/hostap_info.o
  CC      ../modules/../modules/drivers/char/brcm/fuse_ril/CAPI2_CIB/capi2/sms/capi2_sms_msg.o
  CC      net/ipv4/tcp.o
  LD      ../modules/../modules/drivers/char/brcm/fuse_ril/CAPI2_CIB/capi2/sms/built-in.o
  CC      ../modules/../modules/drivers/char/brcm/fuse_ril/CAPI2_CIB/capi2/ss/capi2_ss_api.o
  CC      drivers/net/wireless/hostap/hostap_ioctl.o
  CC      ../modules/../modules/drivers/char/brcm/fuse_ril/CAPI2_CIB/capi2/ss/capi2_ss_msg.o
  LD      ../modules/../modules/drivers/char/brcm/fuse_ril/CAPI2_CIB/capi2/ss/built-in.o
  CC      ../modules/../modules/drivers/char/brcm/fuse_ril/CAPI2_CIB/capi2/test/capi2_ipconfig.o
  CC      ../modules/../modules/drivers/char/brcm/fuse_ril/CAPI2_CIB/capi2/test/md5.o
  LD      ../modules/../modules/drivers/char/brcm/fuse_ril/CAPI2_CIB/capi2/test/built-in.o
  CC      drivers/net/wireless/hostap/hostap_main.o
  CC      ../modules/../modules/drivers/char/brcm/fuse_ril/CAPI2_CIB/sysinterface/sysrpc/src/sys_gen_rpc.o
  CC      net/ipv4/tcp_input.o
  CC      ../modules/../modules/drivers/char/brcm/fuse_ril/CAPI2_CIB/sysinterface/sysrpc/src/sys_hal_rpc.o
  CC      drivers/net/wireless/hostap/hostap_proc.o
  CC      ../modules/../modules/drivers/char/brcm/fuse_ril/CAPI2_CIB/sysinterface/sysrpc/src/sys_msg.o
  CC      ../modules/../modules/drivers/char/brcm/fuse_ril/CAPI2_CIB/sysinterface/sysrpc/src/sys_rpc.o
  LD      drivers/net/wireless/hostap/hostap.o
  LD      drivers/net/wireless/hostap/built-in.o
  LD      drivers/net/wireless/built-in.o
  CC      drivers/net/brcm_netconsole.o
  LD      ../modules/../modules/drivers/char/brcm/fuse_ril/CAPI2_CIB/sysinterface/sysrpc/built-in.o
  LD      ../modules/../modules/drivers/char/brcm/fuse_ril/CAPI2_CIB/built-in.o
  CC      ../modules/../modules/drivers/char/brcm/fuse_ril/crypto/aes.o
  CC      ../modules/../modules/drivers/char/brcm/fuse_ril/crypto/brcm_hw_otp.o
  LD      drivers/net/built-in.o
  LD      drivers/platform/built-in.o
  CC      drivers/power/power_supply_core.o
  CC      ../modules/../modules/drivers/char/brcm/fuse_ril/crypto/crypto_api.o
  LD      ../modules/../modules/drivers/char/brcm/fuse_ril/crypto/built-in.o
  CC      ../modules/../modules/drivers/char/brcm/fuse_ril/k_sril_handler.o
  CC      drivers/power/power_supply_sysfs.o
  CC      net/ipv4/tcp_output.o
  CC      drivers/power/max8986-power.o
  LD      ../modules/../modules/drivers/char/brcm/fuse_ril/built-in.o
  CC      ../modules/../modules/drivers/char/brcm/fuse_rpc/fuse_rpc_main.o
  CC      net/ipv4/tcp_timer.o
  LD      drivers/power/power_supply.o
  LD      drivers/power/built-in.o
  CC      drivers/regulator/core.o
  CC      ../modules/../modules/drivers/char/brcm/fuse_rpc/rpc_stubs.o
  CC      ../modules/../modules/drivers/char/brcm/fuse_rpc/rpc_CIB/arpc/src/rpc_msg.o
  CC      net/ipv4/tcp_ipv4.o
  CC      ../modules/../modules/drivers/char/brcm/fuse_rpc/rpc_CIB/arpc/src/rpc_lookup.o
  CC      ../modules/../modules/drivers/char/brcm/fuse_rpc/rpc_CIB/arpc/src/rpc_api.o
  CC      drivers/regulator/max8986-regulator.o
  CC      ../modules/../modules/drivers/char/brcm/fuse_rpc/rpc_CIB/arpc/src/rpc_ipc.o
  CC      ../modules/../modules/drivers/char/brcm/fuse_rpc/rpc_CIB/arpc/src/rpc_sys.o
  CC      net/ipv4/tcp_minisocks.o
  LD      drivers/regulator/built-in.o
  CC      drivers/rtc/rtc-lib.o
  LD      ../modules/../modules/drivers/char/brcm/fuse_rpc/rpc_CIB/arpc/src/built-in.o
  CC      ../modules/../modules/drivers/char/brcm/fuse_rpc/rpc_CIB/srpc/src/rpc_sync.o
  CC      drivers/rtc/hctosys.o
  CC      drivers/rtc/class.o
  CC      net/ipv4/tcp_cong.o
  LD      ../modules/../modules/drivers/char/brcm/fuse_rpc/rpc_CIB/srpc/src/built-in.o
  CC      ../modules/../modules/drivers/char/brcm/fuse_rpc/rpc_CIB/xdr/src/xdr.o
  CC      drivers/rtc/interface.o
  CC      ../modules/../modules/drivers/char/brcm/fuse_rpc/rpc_CIB/xdr/src/xdr_array.o
  CC      ../modules/../modules/drivers/char/brcm/fuse_rpc/rpc_CIB/xdr/src/xdr_mem.o
  CC      net/ipv4/datagram.o
  CC      ../modules/../modules/drivers/char/brcm/fuse_rpc/rpc_CIB/xdr/src/xdr_float.o
  CC      ../modules/../modules/drivers/char/brcm/fuse_rpc/rpc_CIB/xdr/src/xdr_reference.o
  CC      drivers/rtc/rtc-dev.o
  LD      ../modules/../modules/drivers/char/brcm/fuse_rpc/rpc_CIB/xdr/src/built-in.o
  LD      ../modules/../modules/drivers/char/brcm/fuse_rpc/built-in.o
  CC      ../modules/../modules/drivers/char/brcm/fuse_sysparm/bcm_fuse_sysparm.o
  CC      drivers/rtc/rtc-proc.o
  CC      net/ipv4/raw.o
  CC      drivers/rtc/rtc-sysfs.o
  LD      ../modules/../modules/drivers/char/brcm/fuse_sysparm/built-in.o
  CC      ../modules/../modules/drivers/char/brcm/fuse_vsp/fuse_vsp.o
  CC      net/ipv4/udp.o
  CC      drivers/rtc/alarm.o
  LD      ../modules/../modules/drivers/char/brcm/fuse_vsp/built-in.o
  CC      ../modules/../modules/drivers/char/brcm/hal_cam/camdrv_cooperve.o
  CC      drivers/rtc/alarm-dev.o
  CC      ../modules/../modules/drivers/char/brcm/hal_cam/hal_cam_core_ath.o
  CC      drivers/rtc/rtc-max8986.o
  CC      net/ipv4/udplite.o
  LD      drivers/rtc/rtc-core.o
  LD      drivers/rtc/built-in.o
  CC      drivers/serial/serial_core.o
  CC      net/ipv4/arp.o
  LD      ../modules/../modules/drivers/char/brcm/hal_cam/built-in.o
  CC      ../modules/../modules/drivers/char/brcm/v3d/v3d.o
  CC      ../modules/../modules/drivers/char/brcm/v3d/v3d_opt.o
  CC      drivers/serial/8250.o
  CC      net/ipv4/icmp.o
  LD      ../modules/../modules/drivers/char/brcm/v3d/built-in.o
  CC      ../modules/../modules/drivers/gps/brcm/gps_cntin_driver.o
  CC      drivers/serial/brcm_bt_lpm.o
  CC      net/ipv4/devinet.o
  CC      drivers/serial/8250_early.o
  CC      ../modules/../modules/drivers/gps/brcm/gps_driver.o
  LD      ../modules/../modules/drivers/gps/brcm/built-in.o
  CC      ../modules/../modules/drivers/sound/brcm/alsa_athena/brcm_alsa_dev.o
  LD      drivers/serial/built-in.o
  LD      drivers/ssb/built-in.o
  CC      drivers/staging/staging.o
  CC      drivers/staging/android/binder.o
  CC      net/ipv4/af_inet.o
  CC      ../modules/../modules/drivers/sound/brcm/alsa_athena/brcm_alsa_pcm.o
  CC      ../modules/../modules/drivers/sound/brcm/alsa_athena/brcm_alsa_ctl.o
  CC      net/ipv4/igmp.o
  CC      ../modules/../modules/drivers/sound/brcm/alsa_athena/brcm_audio_thread.o
  CC      drivers/staging/android/logger.o
  CC      ../modules/../modules/drivers/sound/brcm/alsa_athena/audio_stubs.o
  CC      drivers/staging/android/ram_console.o
  CC      ../modules/../modules/drivers/sound/brcm/alsa_athena/brcm_auddrv_test.o
  CC      net/ipv4/fib_frontend.o
  CC      drivers/staging/android/timed_output.o
  CC      drivers/staging/android/timed_gpio.o
  CC      drivers/staging/android/lowmemorykiller.o
  LD      drivers/staging/android/built-in.o
  CC      ../modules/../modules/drivers/sound/brcm/alsa_athena/brcm_audio_policy.o
  LD      drivers/staging/built-in.o
  CC      drivers/switch/switch_class.o
  CC      net/ipv4/fib_semantics.o
  LD      drivers/switch/built-in.o
  CC      drivers/usb/gadget_brcm/dwc_otg_driver.o
  CC      ../modules/../modules/drivers/sound/brcm/alsa_athena/audio/audio_controller/src/audio_controller_audvoc.o
  CC      ../modules/../modules/drivers/sound/brcm/alsa_athena/audio/audio_controller/src/audio_controller_common.o
  CC      net/ipv4/inet_fragment.o
  CC      drivers/usb/gadget_brcm/dwc_otg_attr.o
  CC      ../modules/../modules/drivers/sound/brcm/alsa_athena/audio/audio_controller/src/audio_gain_table.o
  CC      ../modules/../modules/drivers/sound/brcm/alsa_athena/audio/audio_datadriver/src/audio_ddriver.o
  CC      net/ipv4/sysctl_net_ipv4.o
  CC      ../modules/../modules/drivers/sound/brcm/alsa_athena/soc/chal/modules/audio/audvoc/src/chal_audiospeaker.o
  CC      drivers/usb/gadget_brcm/dwc_otg_cil.o
  CC      ../modules/../modules/drivers/sound/brcm/alsa_athena/soc/chal/modules/audio/audvoc/src/chal_audioaipath.o
  CC      ../modules/../modules/drivers/sound/brcm/alsa_athena/soc/chal/modules/audio/audvoc/src/chal_audioaopath.o
  CC      net/ipv4/sysfs_net_ipv4.o
  CC      ../modules/../modules/drivers/sound/brcm/alsa_athena/soc/chal/modules/audio/audvoc/src/chal_audiopopath.o
  CC      ../modules/../modules/drivers/sound/brcm/alsa_athena/soc/chal/modules/audio/audvoc/src/chal_audiovipath.o
  CC      net/ipv4/fib_hash.o
  CC      ../modules/../modules/drivers/sound/brcm/alsa_athena/soc/chal/modules/audio/audvoc/src/chal_audiovopath.o
  CC      ../modules/../modules/drivers/sound/brcm/alsa_athena/soc/chal/modules/audio/audvoc/src/chal_audiopcmif.o
  CC      ../modules/../modules/drivers/sound/brcm/alsa_athena/soc/chal/modules/audio/audvoc/src/chal_audiomixertap.o
  CC      drivers/usb/gadget_brcm/dwc_otg_cil_intr.o
  CC      ../modules/../modules/drivers/sound/brcm/alsa_athena/soc/chal/modules/audio/audvoc/src/chal_audiomixer.o
  CC      ../modules/../modules/drivers/sound/brcm/alsa_athena/soc/chal/modules/audio/audvoc/src/chal_audiomic.o
  CC      drivers/usb/gadget_brcm/dwc_otg_pcd.o
  CC      ../modules/../modules/drivers/sound/brcm/alsa_athena/soc/csl/audio/src/csl_aud_drv_hw.o
  CC      net/ipv4/proc.o
  CC      drivers/usb/gadget_brcm/dwc_otg_pcd_intr.o
  CC      net/ipv4/fib_rules.o
  CC      ../modules/../modules/drivers/sound/brcm/alsa_athena/soc/csl/audio/src/csl_audvoc_render.o
  CC      ../modules/../modules/drivers/sound/brcm/alsa_athena/soc/csl/audio/src/csl_audvoc_capture.o
  CC      net/ipv4/ah4.o
  CC      ../modules/../modules/drivers/sound/brcm/alsa_athena/soc/csl/audio/src/csl_aud_queue.o
  CC      drivers/usb/gadget_brcm/dwc_otg_hcd.o
  CC      drivers/usb/gadget_brcm/dwc_otg_hcd_intr.o
  CC      drivers/usb/gadget_brcm/dwc_otg_hcd_queue.o
  CC      drivers/usb/gadget_brcm/android.o
  CC      ../modules/../modules/drivers/sound/brcm/alsa_athena/audio/audio_vdriver/src/audio_vdriver_audvoc.o
  CC      net/ipv4/esp4.o
  CC      ../modules/../modules/drivers/sound/brcm/alsa_athena/audio/audio_vdriver/src/audio_vdriver_common.o
  CC      drivers/usb/gadget_brcm/f_adb.o
  CC      ../modules/../modules/drivers/sound/brcm/alsa_athena/audio/audio_vdriver/src/audio_rpc.o
  CC      net/ipv4/ipcomp.o
  CC      net/ipv4/xfrm4_tunnel.o
  CC      ../modules/../modules/drivers/sound/brcm/alsa_athena/audio/audio_vdriver/src/ripisr_audio.o
  CC      drivers/usb/gadget_brcm/f_mass_storage.o
  CC      ../modules/../modules/drivers/sound/brcm/alsa_athena/audio/audio_vdriver/src/dspif_voice_record.o
  CC      net/ipv4/xfrm4_mode_beet.o
  CC      ../modules/../modules/drivers/sound/brcm/alsa_athena/audio/audio_vdriver/src/audio_ipc_ap.o
  CC      ../modules/../modules/drivers/sound/brcm/alsa_athena/audio/audio_vdriver/src/audio_vdriver_audlog.o
  CC      net/ipv4/tunnel4.o
  CC      ../modules/../modules/drivers/sound/brcm/alsa_athena/audio/audio_vdriver/src/audio_vdriver_voif.o
  CC      ../modules/../modules/drivers/sound/brcm/alsa_athena/audio/audio_vdriver/src/audio_vdriver_gpio.o
  CC      ../modules/../modules/drivers/sound/brcm/alsa_athena/dsp/audio/src/vpu.o
  CC      drivers/usb/gadget_brcm/u_serial.o
  CC      net/ipv4/xfrm4_mode_transport.o
  CC      ../modules/../modules/drivers/sound/brcm/alsa_athena/soc/csl/dsp/src/sharedmem_ap.o
  CC      drivers/usb/gadget_brcm/f_acm.o
  CC      ../modules/../modules/drivers/sound/brcm/alsa_athena/soc/csl/dsp/src/csl_dsp.o
  CC      net/ipv4/xfrm4_mode_tunnel.o
  CC      ../modules/../modules/drivers/sound/brcm/alsa_athena/soc/csl/dsp/src/csl_apcmd.o
  CC      ../modules/../modules/drivers/sound/brcm/alsa_athena/soc/csl/dsp/src/osdw_dsp_drv.o
  CC      drivers/usb/gadget_brcm/f_obex.o
  CC      ../modules/../modules/drivers/sound/brcm/alsa_athena/audio/voif_handler/src/voif_handler.o
  CC      ../modules/../modules/drivers/sound/brcm/alsa_athena/audio/gpio_handler/src/gpio_handler.o
  LD      ../modules/../modules/drivers/sound/brcm/alsa_athena/snd-brcm-omx.o
  CC      net/ipv4/netfilter.o
  LD      ../modules/../modules/drivers/sound/brcm/alsa_athena/built-in.o
  CC      drivers/usb/gadget_brcm/u_ether.o
  LD      ../modules/../modules/drivers/sound/brcm/headset/built-in.o
  CC      ../modules/../modules/drivers/video/bmem/bmem.o
  LD      ../modules/../modules/drivers/video/bmem/built-in.o
  LD      ../modules/../modules/drivers/video/ge/built-in.o
  LD      ../modules/../modules/drivers/video/ge/ge_drv/built-in.o
  LD      ../modules/../modules/drivers/video/ge/gememalloc/built-in.o
  CC      net/ipv4/netfilter/nf_nat_rule.o
  LD      ../modules/../modules/drivers/video/hantro/built-in.o
  LD      ../modules/../modules/drivers/video/hantro/ldriver/kernel_26x/built-in.o
  LD      ../modules/built-in.o
  LD      arch/arm/lib/built-in.o
  AS      arch/arm/lib/ashldi3.o
  AS      arch/arm/lib/ashrdi3.o
  AS      arch/arm/lib/backtrace.o
  AS      arch/arm/lib/changebit.o
  CC      drivers/usb/gadget_brcm/composite.o
  AS      arch/arm/lib/clear_user.o
  AS      arch/arm/lib/clearbit.o
  AS      arch/arm/lib/copy_from_user.o
  AS      arch/arm/lib/copy_page.o
  CC      net/ipv4/netfilter/nf_nat_standalone.o
  AS      arch/arm/lib/copy_to_user.o
  AS      arch/arm/lib/csumipv6.o
  AS      arch/arm/lib/csumpartial.o
  AS      arch/arm/lib/csumpartialcopy.o
  AS      arch/arm/lib/csumpartialcopyuser.o
  AS      arch/arm/lib/delay.o
  AS      arch/arm/lib/div64.o
  AS      arch/arm/lib/findbit.o
  AS      arch/arm/lib/getuser.o
  CC      net/ipv4/netfilter/nf_conntrack_l3proto_ipv4.o
  AS      arch/arm/lib/io-readsb.o
  CC      drivers/usb/gadget_brcm/usbstring.o
  AS      arch/arm/lib/io-readsl.o
  AS      arch/arm/lib/io-readsw-armv4.o
  AS      arch/arm/lib/io-writesb.o
  CC      drivers/usb/gadget_brcm/config.o
  AS      arch/arm/lib/io-writesl.o
  AS      arch/arm/lib/io-writesw-armv4.o
  AS      arch/arm/lib/lib1funcs.o
  AS      arch/arm/lib/lshrdi3.o
  CC      drivers/usb/gadget_brcm/epautoconf.o
  AS      arch/arm/lib/memchr.o
  AS      arch/arm/lib/memcpy.o
  AS      arch/arm/lib/memmove.o
  CC      net/ipv4/netfilter/nf_conntrack_proto_icmp.o
  CC      drivers/usb/gadget_brcm/f_rndis.o
  AS      arch/arm/lib/memset.o
  AS      arch/arm/lib/memzero.o
  AS      arch/arm/lib/muldi3.o
  AS      arch/arm/lib/putuser.o
  AS      arch/arm/lib/setbit.o
  AS      arch/arm/lib/sha1.o
  AS      arch/arm/lib/strchr.o
  AS      arch/arm/lib/strncpy_from_user.o
  AS      arch/arm/lib/strnlen_user.o
  CC      net/ipv4/netfilter/nf_conntrack_l3proto_ipv4_compat.o
  AS      arch/arm/lib/strrchr.o
  CC      drivers/usb/gadget_brcm/rndis.o
  AS      arch/arm/lib/testchangebit.o
  AS      arch/arm/lib/testclearbit.o
  AS      arch/arm/lib/testsetbit.o
  AS      arch/arm/lib/ucmpdi2.o
  AR      arch/arm/lib/lib.a
  CC      net/ipv4/netfilter/nf_nat_core.o
  CC      net/ipv4/netfilter/nf_nat_helper.o
  LD      drivers/usb/gadget_brcm/dwc_otg.o
  LD      drivers/usb/gadget_brcm/g_android.o
  LD      drivers/usb/gadget_brcm/built-in.o
  CC      drivers/video/fb_notify.o
  CC      net/ipv4/netfilter/nf_nat_proto_unknown.o
  CC      net/ipv6/af_inet6.o
  CC      drivers/video/fbmem.o
  CC      net/ipv4/netfilter/nf_nat_proto_common.o
  CC      net/ipv4/netfilter/nf_nat_proto_tcp.o
  CC      net/ipv4/netfilter/nf_nat_proto_udp.o
  CC      drivers/video/fbmon.o
  CC      net/ipv6/anycast.o
  CC      net/ipv4/netfilter/nf_nat_proto_icmp.o
  CC      drivers/video/fbcmap.o
  CC      drivers/video/fbsysfs.o
  CC      net/ipv4/netfilter/nf_defrag_ipv4.o
  CC      net/ipv6/ip6_output.o
  CC      net/ipv4/netfilter/nf_nat_ftp.o
  CC      drivers/video/modedb.o
  CC      net/ipv4/netfilter/nf_nat_snmp_basic.o
  CC      drivers/video/fbcvt.o
  CC      drivers/video/backlight/lcd.o
  CC      net/ipv4/netfilter/nf_nat_tftp.o
  CC      net/ipv6/ip6_input.o
  CC      drivers/video/backlight/backlight.o
  CC      net/ipv4/netfilter/ip_tables.o
  CC      net/ipv6/addrconf.o
  CC      drivers/video/backlight/aat1401_bl.o
  LD      drivers/video/backlight/built-in.o
  CC      drivers/video/broadcom/bmem_wrapper/bmem_wrapper.o
  CC      net/ipv4/netfilter/iptable_filter.o
  LD      net/ipv4/netfilter/iptable_nat.o
  CC      net/ipv4/netfilter/ipt_MASQUERADE.o
  LD      drivers/video/broadcom/bmem_wrapper/built-in.o
  LD      drivers/video/broadcom/displays/built-in.o
  CC      drivers/video/broadcom/dss/bcm215xx/lcdc.o
  CC      net/ipv4/netfilter/ipt_NETMAP.o
  CC      net/ipv4/netfilter/ipt_REDIRECT.o
  CC      net/ipv6/addrlabel.o
  LD      drivers/video/broadcom/dss/bcm215xx/built-in.o
  LD      drivers/video/broadcom/dss/built-in.o
  LD      net/ipv4/netfilter/nf_conntrack_ipv4.o
  LD      net/ipv4/netfilter/nf_nat.o
  LD      net/ipv4/netfilter/built-in.o
  CC      net/ipv4/inet_diag.o
  CC      drivers/video/broadcom/fb/lcdfb.o
  CC      net/ipv6/route.o
  LD      drivers/video/broadcom/fb/built-in.o
  CC      drivers/video/broadcom/ge/gememalloc_wrapper/gememalloc_wrapper.o
  LD      drivers/video/broadcom/ge/gememalloc_wrapper/built-in.o
  CC      drivers/video/broadcom/hantro/memalloc_wrapper/memalloc_wrapper.o
  CC      net/ipv4/tcp_diag.o
  LD      drivers/video/broadcom/hantro/memalloc_wrapper/built-in.o
  LD      drivers/video/broadcom/built-in.o
  CC      drivers/video/console/dummycon.o
  CC      net/ipv4/tcp_cubic.o
  LD      drivers/video/console/built-in.o
  LD      drivers/video/display/built-in.o
  LD      drivers/video/omap2/displays/built-in.o
  LD      drivers/video/omap2/dss/built-in.o
  LD      drivers/video/omap2/omapfb/built-in.o
  LD      drivers/video/omap2/built-in.o
  CC      drivers/video/cfbfillrect.o
  CC      net/ipv6/ip6_fib.o
  CC      drivers/video/cfbcopyarea.o
  CC      net/ipv4/xfrm4_policy.o
  CC      drivers/video/cfbimgblt.o
  CC      net/ipv6/ipv6_sockglue.o
  LD      drivers/video/fb.o
  LD      drivers/video/built-in.o
  CC      drivers/watchdog/bcm_watchdog.o
  CC      net/ipv4/xfrm4_state.o
  CC      net/ipv4/xfrm4_input.o
  LD      drivers/watchdog/built-in.o
  LD      drivers/built-in.o
  CC      net/ipv6/ndisc.o
  CC      net/ipv4/xfrm4_output.o
  CC      lib/bcd.o
  CC      lib/div64.o
  LD      net/ipv4/built-in.o
  CC      net/key/af_key.o
  CC      lib/sort.o
  CC      lib/parser.o
  CC      lib/halfmd4.o
  CC      net/ipv6/udp.o
  CC      lib/debug_locks.o
  CC      lib/random32.o
  CC      lib/bust_spinlocks.o
  CC      lib/hexdump.o
  LD      net/key/built-in.o
  CC      net/ipv6/udplite.o
  CC      lib/kasprintf.o
  CC      net/ipv6/raw.o
  CC      lib/bitmap.o
  CC      net/ipv6/protocol.o
  CC      lib/scatterlist.o
  CC      lib/string_helpers.o
  CC      net/ipv6/icmp.o
  CC      lib/gcd.o
  CC      net/ipv6/mcast.o
  CC      lib/lcm.o
  CC      lib/list_sort.o
  CC      lib/uuid.o
  CC      net/ipv6/reassembly.o
  CC      lib/iomap_copy.o
  CC      lib/devres.o
  CC      lib/find_last_bit.o
  CC      lib/hweight.o
  CC      lib/kernel_lock.o
  CC      lib/smp_processor_id.o
  CC      net/ipv6/tcp_ipv6.o
  CC      lib/bitrev.o
  CC      lib/crc-ccitt.o
  CC      lib/crc16.o
  CC      lib/crc-t10dif.o
  CC      net/ipv6/exthdrs.o
  HOSTCC  lib/gen_crc32table
  CC      lib/libcrc32c.o
  LD      lib/lzo/built-in.o
  CC      lib/zlib_deflate/deflate.o
  CC      net/ipv6/datagram.o
  CC      net/ipv6/ip6_flowlabel.o
  CC      lib/zlib_deflate/deftree.o
  CC      net/ipv6/inet6_connection_sock.o
  CC      net/ipv6/sysctl_net_ipv6.o
  CC      lib/zlib_deflate/deflate_syms.o
  LD      lib/zlib_deflate/zlib_deflate.o
  LD      lib/zlib_deflate/built-in.o
  CC      lib/zlib_inflate/inffast.o
  CC      net/ipv6/xfrm6_policy.o
  CC      net/ipv6/xfrm6_state.o
  CC      lib/zlib_inflate/inflate.o
  CC      lib/zlib_inflate/infutil.o
  CC      net/ipv6/xfrm6_input.o
  CC      lib/zlib_inflate/inftrees.o
  CC      lib/dynamic_debug.o
  CC      lib/zlib_inflate/inflate_syms.o
  LD      lib/zlib_inflate/zlib_inflate.o
  LD      lib/zlib_inflate/built-in.o
  CC      lib/nlattr.o
  CC      net/ipv6/xfrm6_output.o
  CC      lib/argv_split.o
  CC      lib/cmdline.o
  CC      lib/ctype.o
  CC      net/ipv6/netfilter.o
  CC      net/l2tp/l2tp_core.o
  CC      lib/dec_and_lock.o
  CC      lib/decompress.o
  CC      lib/decompress_inflate.o
  CC      net/ipv6/proc.o
  CC      lib/decompress_unlzma.o
  CC      net/ipv6/ah6.o
  CC      lib/dump_stack.o
  CC      net/l2tp/l2tp_ppp.o
  CC      lib/extable.o
  CC      lib/flex_array.o
  CC      net/ipv6/esp6.o
  CC      lib/idr.o
  CC      lib/int_sqrt.o
  CC      net/ipv6/ipcomp6.o
  CC      lib/ioremap.o
  LD      net/l2tp/built-in.o
  CC      lib/irq_regs.o
  CC      net/netfilter/core.o
  CC      lib/is_single_threaded.o
  CC      net/ipv6/xfrm6_tunnel.o
  CC      lib/klist.o
  CC      net/ipv6/tunnel6.o
  CC      net/netfilter/nf_log.o
  CC      lib/kobject.o
  CC      lib/kobject_uevent.o
  CC      net/ipv6/xfrm6_mode_transport.o
  CC      net/netfilter/nf_queue.o
  CC      net/ipv6/xfrm6_mode_tunnel.o
  CC      lib/kref.o
  CC      lib/plist.o
  CC      lib/prio_heap.o
  CC      lib/prio_tree.o
  CC      net/netfilter/nf_sockopt.o
  CC      net/ipv6/xfrm6_mode_beet.o
  CC      lib/proportions.o
  CC      lib/radix-tree.o
  CC      net/ipv6/mip6.o
  CC      net/netfilter/nf_conntrack_core.o
  LD      net/ipv6/netfilter/built-in.o
  CC      lib/ratelimit.o
  CC      net/ipv6/sit.o
  CC      lib/rbtree.o
  CC      lib/reciprocal_div.o
  CC      lib/rwsem-spinlock.o
  CC      lib/sha1.o
  CC      net/netfilter/nf_conntrack_standalone.o
  CC      lib/show_mem.o
  CC      net/ipv6/addrconf_core.o
  CC      lib/string.o
  CC      net/netfilter/nf_conntrack_expect.o
  CC      lib/vsprintf.o
  CC      net/ipv6/exthdrs_core.o
  CC      net/netfilter/nf_conntrack_helper.o
  CC      net/ipv6/inet6_hashtables.o
  CC      net/netfilter/nf_conntrack_proto.o
  LD      net/ipv6/ipv6.o
  LD      net/ipv6/built-in.o
  GEN     lib/crc32table.h
  AR      lib/lib.a
  CC      net/netfilter/nf_conntrack_l3proto_generic.o
  CC      lib/crc32.o
  CC      net/netfilter/nf_conntrack_proto_generic.o
  LD      lib/built-in.o
  CC      net/netlink/af_netlink.o
  CC      net/netfilter/nf_conntrack_proto_tcp.o
  CC      net/netfilter/nf_conntrack_proto_udp.o
  CC      net/netlink/genetlink.o
  CC      net/netfilter/nf_conntrack_extend.o
  CC      net/netfilter/nf_conntrack_acct.o
  LD      net/netlink/built-in.o
  CC      net/netfilter/nf_conntrack_ftp.o
  CC      net/packet/af_packet.o
  CC      net/netfilter/nf_conntrack_tftp.o
  CC      net/netfilter/x_tables.o
  CC      net/netfilter/xt_tcpudp.o
  LD      net/packet/built-in.o
  CC      net/netfilter/xt_multiport.o
  CC      net/netfilter/xt_state.o
  CC      net/netfilter/ipvs/ip_vs_conn.o
  LD      net/netfilter/netfilter.o
  LD      net/netfilter/nf_conntrack.o
  CC      net/netfilter/ipvs/ip_vs_core.o
  CC      net/netfilter/ipvs/ip_vs_ctl.o
  CC      net/netfilter/ipvs/ip_vs_sched.o
  CC      net/rfkill/core.o
  CC      net/netfilter/ipvs/ip_vs_xmit.o
  LD      net/rfkill/rfkill.o
  LD      net/rfkill/built-in.o
  CC      net/netfilter/ipvs/ip_vs_app.o
  CC      net/sched/sch_generic.o
  CC      net/sched/sch_mq.o
  CC      net/sched/sch_api.o
  CC      net/netfilter/ipvs/ip_vs_sync.o
  CC      net/unix/af_unix.o
  CC      net/netfilter/ipvs/ip_vs_est.o
  CC      net/sched/sch_blackhole.o
  CC      net/netfilter/ipvs/ip_vs_proto.o
  CC      net/unix/garbage.o
  CC      net/sched/cls_api.o
  LD      net/netfilter/ipvs/ip_vs.o
  LD      net/netfilter/ipvs/built-in.o
  LD      net/netfilter/built-in.o
  CC      net/sched/act_api.o
  CC      net/unix/sysctl_net_unix.o
  CC      net/sched/act_police.o
  LD      net/unix/unix.o
  LD      net/unix/built-in.o
  CC      net/wireless/lib80211.o
  CC      net/sched/act_gact.o
  CC      net/sched/act_mirred.o
  CC      net/wireless/lib80211_crypt_wep.o
  CC      net/wireless/lib80211_crypt_ccmp.o
  CC      net/wireless/lib80211_crypt_tkip.o
  CC      net/sched/sch_fifo.o
  CC      net/wireless/wext-core.o
  CC      net/sched/sch_htb.o
  CC      net/sched/sch_ingress.o
  CC      net/sched/cls_u32.o
  CC      net/wireless/wext-proc.o
  CC      net/sched/ematch.o
  CC      net/wireless/wext-spy.o
  CC      net/sched/em_u32.o
  CC      net/xfrm/xfrm_policy.o
  CC      net/wireless/wext-priv.o
  LD      net/sched/built-in.o
  CC      net/sysctl_net.o
  LD      net/wireless/built-in.o
  CC      net/xfrm/xfrm_state.o
  CC      net/activity_stats.o
  CC      net/xfrm/xfrm_hash.o
  CC      net/xfrm/xfrm_input.o
  CC      net/xfrm/xfrm_output.o
  CC      net/xfrm/xfrm_algo.o
  CC      net/xfrm/xfrm_sysctl.o
  CC      net/xfrm/xfrm_user.o
  CC      net/xfrm/xfrm_ipcomp.o
  LD      net/xfrm/built-in.o
  LD      net/built-in.o
  LD      vmlinux.o
  MODPOST vmlinux.o
WARNING: modpost: Found 17 section mismatch(es).
To see full details build your kernel with:
'make CONFIG_DEBUG_SECTION_MISMATCH=y'
  GEN     .version
  CHK     include/generated/compile.h
  UPD     include/generated/compile.h
  CC      init/version.o
  LD      init/built-in.o
  LD      .tmp_vmlinux1
  KSYM    .tmp_kallsyms1.S
  AS      .tmp_kallsyms1.o
  LD      .tmp_vmlinux2
  KSYM    .tmp_kallsyms2.S
  AS      .tmp_kallsyms2.o
  LD      .tmp_vmlinux3
  KSYM    .tmp_kallsyms3.S
  AS      .tmp_kallsyms3.o
  LD      vmlinux
  SYSMAP  System.map
  SYSMAP  .tmp_System.map
  OBJCOPY arch/arm/boot/Image
  Kernel: arch/arm/boot/Image is ready
  AS      arch/arm/boot/compressed/head.o
  GZIP    arch/arm/boot/compressed/piggy.gzip
  CC      arch/arm/boot/compressed/misc.o
  CC      arch/arm/boot/compressed/decompress.o
  SHIPPED arch/arm/boot/compressed/lib1funcs.S
  AS      arch/arm/boot/compressed/lib1funcs.o
  AS      arch/arm/boot/compressed/piggy.gzip.o
  LD      arch/arm/boot/compressed/vmlinux
  OBJCOPY arch/arm/boot/zImage
  Kernel: arch/arm/boot/zImage is ready
